<?xml version="1.0" encoding="UTF-8"?>
<!-- Generated by org.testng.reporters.JUnitReportReporter -->
<testsuite hostname="Kang" name="DataProvider.testclass" tests="2" failures="0" timestamp="21 Sep 2019 03:48:12 GMT" time="256.390" errors="0">
  <testcase name="Login" time="42.602" classname="DataProvider.testclass"/>
  <testcase name="Login" time="213.788" classname="DataProvider.testclass"/>
</testsuite> <!-- DataProvider.testclass -->
